<?xml version="1.0" encoding="UTF-8"?>
<testng-results ignored="0" total="1" passed="1" failed="0" skipped="0">
  <reporter-output>
  </reporter-output>
  <suite started-at="2019-07-10T04:16:43Z" name="Default suite" finished-at="2019-07-10T04:16:43Z" duration-ms="35">
    <groups>
    </groups>
    <test started-at="2019-07-10T04:16:43Z" name="Default test" finished-at="2019-07-10T04:16:43Z" duration-ms="35">
      <class name="scripts.baiduyixia.Baidu_search">
        <test-method signature="f()[pri:0, instance:scripts.baiduyixia.Baidu_search@3a079870]" started-at="2019-07-10T04:16:43Z" name="f" finished-at="2019-07-10T04:16:43Z" duration-ms="13" status="PASS">
          <reporter-output>
          </reporter-output>
        </test-method> <!-- f -->
      </class> <!-- scripts.baiduyixia.Baidu_search -->
    </test> <!-- Default test -->
  </suite> <!-- Default suite -->
</testng-results>
